<?xml version="1.0" encoding="UTF-8"?>
<!-- Generated by org.testng.reporters.JUnitReportReporter -->
<testsuite hostname="DishaTandel" name="com.qtpselenium.AppTest" tests="1" failures="0" timestamp="2 Mar 2015 05:41:07 GMT" time="34.565" errors="0">
  <testcase name="testNGTest" time="34.565" classname="com.qtpselenium.AppTest"/>
</testsuite> <!-- com.qtpselenium.AppTest -->
